Using pre-set license
Built from '2021.1/release' branch; Version is '2021.1.0f1 (61a549675243) revision 6399305'; Using compiler version '192528614'; Build Type 'Release'
OS: 'Windows 10 Home; OS build 19041.985; Version 2004; 64bit' Language: 'ja' Physical Memory: 8119 MB
BatchMode: 1, IsHumanControllingUs: 0, StartBugReporterOnCrash: 0, Is64bit: 1, IsPro: 0

 COMMAND LINE ARGUMENTS:
A:\Unity\2021.1.0f1\Editor\Unity.exe
-adb2
-batchMode
-noUpm
-name
AssetImportWorker0
-projectPath
A:/UnityProjects/TestEffect_URP
-logFile
Logs/AssetImportWorker0.log
-srvPort
64614
Successfully changed project path to: A:/UnityProjects/TestEffect_URP
A:/UnityProjects/TestEffect_URP
Using Asset Import Pipeline V2.
Refreshing native plugins compatible for Editor in 121.59 ms, found 1 plugins.
Preloading 0 native plugins for Editor in 0.00 ms.
Initialize engine version: 2021.1.0f1 (61a549675243)
[Subsystems] Discovering subsystems at path A:/Unity/2021.1.0f1/Editor/Data/Resources/UnitySubsystems
[Subsystems] Discovering subsystems at path A:/UnityProjects/TestEffect_URP/Assets
GfxDevice: creating device client; threaded=0; jobified=0
Direct3D:
    Version:  Direct3D 11.0 [level 11.1]
    Renderer: NVIDIA GeForce GTX 960 (ID=0x1401)
    Vendor:   NVIDIA
    VRAM:     2007 MB
    Driver:   27.21.14.5671
Initialize mono
Mono path[0] = 'A:/Unity/2021.1.0f1/Editor/Data/Managed'
Mono path[1] = 'A:/Unity/2021.1.0f1/Editor/Data/MonoBleedingEdge/lib/mono/unityjit'
Mono config path = 'A:/Unity/2021.1.0f1/Editor/Data/MonoBleedingEdge/etc'
Using monoOptions --debugger-agent=transport=dt_socket,embedding=1,server=y,suspend=n,address=127.0.0.1:56660
Begin MonoManager ReloadAssembly
Registering precompiled unity dll's ...
Register platform support module: A:/Unity/2021.1.0f1/Editor/Data/PlaybackEngines/WindowsStandaloneSupport/UnityEditor.WindowsStandalone.Extensions.dll
Registered in 0.001206 seconds.
Native extension for WindowsStandalone target not found
Refreshing native plugins compatible for Editor in 115.04 ms, found 1 plugins.
Preloading 0 native plugins for Editor in 0.00 ms.
Mono: successfully reloaded assembly
- Completed reload, in  1.206 seconds
Platform modules already initialized, skipping
Registering precompiled user dll's ...
Registered in 0.003093 seconds.
Begin MonoManager ReloadAssembly
Native extension for WindowsStandalone target not found
Refreshing native plugins compatible for Editor in 157.21 ms, found 1 plugins.
Preloading 0 native plugins for Editor in 0.00 ms.
Mono: successfully reloaded assembly
- Completed reload, in  1.686 seconds
Platform modules already initialized, skipping
========================================================================
Worker process is ready to serve import requests
Shader 'Universal Render Pipeline/Particles/Lit': fallback shader 'Universal Render Pipeline/Particles/SimpleLit' not found
Shader 'Universal Render Pipeline/Particles/Lit': fallback shader 'Universal Render Pipeline/Particles/SimpleLit' not found
Launched and connected shader compiler UnityShaderCompiler.exe after 0.08 seconds
Refreshing native plugins compatible for Editor in 1.08 ms, found 1 plugins.
Preloading 0 native plugins for Editor in 0.00 ms.
Unloading 3990 Unused Serialized files (Serialized files now loaded: 0)
System memory in use before: 160.6 MB.
System memory in use after: 158.6 MB.

Unloading 46 unused Assets to reduce memory usage. Loaded Objects now: 4413.
Total: 6.277300 ms (FindLiveObjects: 0.789700 ms CreateObjectMapping: 0.482300 ms MarkObjects: 3.439000 ms  DeleteObjects: 1.564400 ms)

========================================================================
Received Import Request.
  path: Assets/Settings/UniversalRP-MediumQuality.asset
  artifactKey: Guid(d847b876476d3d6468f5dfcd34266f96) Importer(815301076,1909f56bfc062723c751e8b465ee728b)
Start importing Assets/Settings/UniversalRP-MediumQuality.asset using Guid(d847b876476d3d6468f5dfcd34266f96) Importer(815301076,1909f56bfc062723c751e8b465ee728b)  -> (artifact id: '3efdcb3f3bc8befd851f3760cf4b4540') in 0.085920 seconds 
========================================================================
Received Import Request.
  Time since last request: 68.862241 seconds.
  path: Assets/Materials/Effect/Portal.shadergraph
  artifactKey: Guid(94e3937c8c2157149bf4d09f01896573) Importer(815301076,1909f56bfc062723c751e8b465ee728b)
Start importing Assets/Materials/Effect/Portal.shadergraph using Guid(94e3937c8c2157149bf4d09f01896573) Importer(815301076,1909f56bfc062723c751e8b465ee728b)  -> (artifact id: '3a649000083e9fa15534a9a0865018d7') in 0.005076 seconds 
========================================================================
Received Import Request.
  Time since last request: 565.133365 seconds.
  path: Assets/Materials/Effect/Portal.shadergraph
  artifactKey: Guid(94e3937c8c2157149bf4d09f01896573) Importer(815301076,1909f56bfc062723c751e8b465ee728b)
Start importing Assets/Materials/Effect/Portal.shadergraph using Guid(94e3937c8c2157149bf4d09f01896573) Importer(815301076,1909f56bfc062723c751e8b465ee728b)  -> (artifact id: '9bde43ac9dd410ae098b5a783471dae3') in 0.003138 seconds 
========================================================================
Received Import Request.
  Time since last request: 44.888816 seconds.
  path: Assets/Materials/Effect/Portal.shadergraph
  artifactKey: Guid(94e3937c8c2157149bf4d09f01896573) Importer(815301076,1909f56bfc062723c751e8b465ee728b)
Start importing Assets/Materials/Effect/Portal.shadergraph using Guid(94e3937c8c2157149bf4d09f01896573) Importer(815301076,1909f56bfc062723c751e8b465ee728b)  -> (artifact id: '63cf26d17b202360831087f6e8d9b346') in 0.002810 seconds 
========================================================================
Received Import Request.
  Time since last request: 15.812411 seconds.
  path: Assets/Materials/Effect/Portal.mat
  artifactKey: Guid(2bbd4a98b05a6d848929a6174d52469f) Importer(815301076,1909f56bfc062723c751e8b465ee728b)
Start importing Assets/Materials/Effect/Portal.mat using Guid(2bbd4a98b05a6d848929a6174d52469f) Importer(815301076,1909f56bfc062723c751e8b465ee728b)  -> (artifact id: 'f9ef80f7620070241fae4faa2c26c0ea') in 0.284228 seconds 
========================================================================
Received Import Request.
  Time since last request: 755.140863 seconds.
  path: Assets/Materials/Effect/Portal.shadergraph
  artifactKey: Guid(94e3937c8c2157149bf4d09f01896573) Importer(815301076,1909f56bfc062723c751e8b465ee728b)
Start importing Assets/Materials/Effect/Portal.shadergraph using Guid(94e3937c8c2157149bf4d09f01896573) Importer(815301076,1909f56bfc062723c751e8b465ee728b)  -> (artifact id: '94a2d80c289380435e8fb23355a76f48') in 0.003138 seconds 
========================================================================
Received Prepare
Registering precompiled user dll's ...
Registered in 0.003404 seconds.
Begin MonoManager ReloadAssembly
Native extension for WindowsStandalone target not found
Refreshing native plugins compatible for Editor in 0.67 ms, found 1 plugins.
Preloading 0 native plugins for Editor in 0.00 ms.
Mono: successfully reloaded assembly
- Completed reload, in  1.167 seconds
Platform modules already initialized, skipping
Shader 'Universal Render Pipeline/Particles/Lit': fallback shader 'Universal Render Pipeline/Particles/SimpleLit' not found
Shader 'Universal Render Pipeline/Particles/Lit': fallback shader 'Universal Render Pipeline/Particles/SimpleLit' not found
Refreshing native plugins compatible for Editor in 0.85 ms, found 1 plugins.
Preloading 0 native plugins for Editor in 0.00 ms.
Unloading 3910 Unused Serialized files (Serialized files now loaded: 0)
System memory in use before: 163.6 MB.
System memory in use after: 161.6 MB.

Unloading 41 unused Assets to reduce memory usage. Loaded Objects now: 4494.
Total: 4.773900 ms (FindLiveObjects: 0.630700 ms CreateObjectMapping: 0.331600 ms MarkObjects: 2.720500 ms  DeleteObjects: 1.089600 ms)

========================================================================
Received Prepare
Registering precompiled user dll's ...
Registered in 0.003492 seconds.
Begin MonoManager ReloadAssembly
Native extension for WindowsStandalone target not found
Refreshing native plugins compatible for Editor in 0.74 ms, found 1 plugins.
Preloading 0 native plugins for Editor in 0.00 ms.
Mono: successfully reloaded assembly
- Completed reload, in  1.092 seconds
Platform modules already initialized, skipping
Shader 'Universal Render Pipeline/Particles/Lit': fallback shader 'Universal Render Pipeline/Particles/SimpleLit' not found
Shader 'Universal Render Pipeline/Particles/Lit': fallback shader 'Universal Render Pipeline/Particles/SimpleLit' not found
Refreshing native plugins compatible for Editor in 0.70 ms, found 1 plugins.
Preloading 0 native plugins for Editor in 0.00 ms.
Unloading 3910 Unused Serialized files (Serialized files now loaded: 0)
System memory in use before: 163.7 MB.
System memory in use after: 161.7 MB.

Unloading 41 unused Assets to reduce memory usage. Loaded Objects now: 4497.
Total: 9.969500 ms (FindLiveObjects: 0.692800 ms CreateObjectMapping: 0.598600 ms MarkObjects: 6.518600 ms  DeleteObjects: 2.103500 ms)

AssetImportWorkerClient::OnTransportError - code=2 error=End of file
